Watching for file changes with StatReloader
Watching for file changes with StatReloader
C:\prueba20231\edutest\testapp\views.py changed, reloading.
C:\prueba20231\edutest\testapp\views.py changed, reloading.
Watching for file changes with StatReloader
Watching for file changes with StatReloader
C:\prueba20231\edutest\testapp\views.py changed, reloading.
C:\prueba20231\edutest\testapp\views.py changed, reloading.
Watching for file changes with StatReloader
Watching for file changes with StatReloader
This is a critical message
This is a critical message
"GET /studentanswers/ HTTP/1.1" 200 9356
"GET /static/rest_framework/css/bootstrap.min.css.map HTTP/1.1" 200 540434
"GET /studentanswers/ HTTP/1.1" 200 9356
"GET /static/rest_framework/css/bootstrap.min.css.map HTTP/1.1" 200 540434
"POST /studentanswers/ HTTP/1.1" 201 9181
"GET /static/rest_framework/css/bootstrap.min.css.map HTTP/1.1" 200 540434
"POST /studentanswers/ HTTP/1.1" 201 9181
"GET /static/rest_framework/css/bootstrap.min.css.map HTTP/1.1" 200 540434
C:\prueba20231\edutest\testapp\views.py changed, reloading.
C:\prueba20231\edutest\testapp\views.py changed, reloading.
Watching for file changes with StatReloader
This is a critical message
Watching for file changes with StatReloader
This is a critical message
"GET /studentanswers/ HTTP/1.1" 200 9530
"GET /static/rest_framework/css/bootstrap.min.css.map HTTP/1.1" 200 540434
C:\prueba20231\edutest\testapp\views.py changed, reloading.
C:\prueba20231\edutest\testapp\views.py changed, reloading.
Watching for file changes with StatReloader
This is a critical message
Watching for file changes with StatReloader
This is a critical message
"GET /studentanswers/ HTTP/1.1" 200 9530
"GET /static/rest_framework/css/bootstrap.min.css.map HTTP/1.1" 200 540434
"GET /studentanswers/ HTTP/1.1" 200 9530
"GET /static/rest_framework/css/bootstrap.min.css.map HTTP/1.1" 200 540434
C:\prueba20231\edutest\testapp\views.py changed, reloading.
Watching for file changes with StatReloader
C:\prueba20231\edutest\testapp\views.py changed, reloading.
This is a critical message###########3
Watching for file changes with StatReloader
This is a critical message###########3
C:\prueba20231\edutest\testapp\views.py changed, reloading.
C:\prueba20231\edutest\testapp\views.py changed, reloading.
Watching for file changes with StatReloader
Watching for file changes with StatReloader
Not Found: /student/
"GET /student/ HTTP/1.1" 404 5295
"GET /studentanswers/ HTTP/1.1" 200 9530
"GET /static/rest_framework/css/bootstrap.min.css.map HTTP/1.1" 200 540434
"GET /studentanswers/ HTTP/1.1" 200 9530
"GET /static/rest_framework/css/bootstrap.min.css.map HTTP/1.1" 200 540434
"GET /studentanswers/ HTTP/1.1" 200 9530
"GET /static/rest_framework/css/bootstrap.min.css.map HTTP/1.1" 200 540434
"POST /studentanswers/ HTTP/1.1" 201 9187
"GET /static/rest_framework/css/bootstrap.min.css.map HTTP/1.1" 200 540434
C:\prueba20231\edutest\testapp\views.py changed, reloading.
C:\prueba20231\edutest\testapp\views.py changed, reloading.
Watching for file changes with StatReloader
Watching for file changes with StatReloader
"GET /studentanswers/ HTTP/1.1" 200 9620
"GET /static/rest_framework/css/bootstrap.min.css.map HTTP/1.1" 200 540434
"POST /studentanswers/ HTTP/1.1" 201 9181
"GET /static/rest_framework/css/bootstrap.min.css.map HTTP/1.1" 200 540434
C:\prueba20231\edutest\testapp\views.py changed, reloading.
Watching for file changes with StatReloader
C:\prueba20231\edutest\testapp\views.py changed, reloading.
Watching for file changes with StatReloader
"POST /studentanswers/ HTTP/1.1" 201 9181
"GET /static/rest_framework/css/bootstrap.min.css.map HTTP/1.1" 200 540434
"GET /studentanswers/ HTTP/1.1" 200 9794
"GET /static/rest_framework/css/bootstrap.min.css.map HTTP/1.1" 200 540434
"GET /studentanswers/ HTTP/1.1" 200 9794
"GET /static/rest_framework/css/bootstrap.min.css.map HTTP/1.1" 200 540434
"POST /studentanswers/ HTTP/1.1" 201 9183
"GET /static/rest_framework/css/bootstrap.min.css.map HTTP/1.1" 200 540434
"OPTIONS /studentanswers/ HTTP/1.1" 200 10074
"GET /static/rest_framework/css/bootstrap.min.css.map HTTP/1.1" 200 540434
"GET /studentanswers/ HTTP/1.1" 200 9882
"GET /static/rest_framework/css/bootstrap.min.css.map HTTP/1.1" 200 540434
"GET /studentanswers/ HTTP/1.1" 200 9882
"GET /static/rest_framework/css/bootstrap.min.css.map HTTP/1.1" 200 540434
C:\prueba20231\edutest\testapp\views.py changed, reloading.
C:\prueba20231\edutest\testapp\views.py changed, reloading.
Watching for file changes with StatReloader
Watching for file changes with StatReloader
"GET /studentanswers/ HTTP/1.1" 200 9882
"GET /static/rest_framework/css/bootstrap.min.css.map HTTP/1.1" 200 540434
C:\prueba20231\edutest\testapp\views.py changed, reloading.
C:\prueba20231\edutest\testapp\views.py changed, reloading.
Watching for file changes with StatReloader
Watching for file changes with StatReloader
C:\prueba20231\edutest\testapp\views.py changed, reloading.
C:\prueba20231\edutest\testapp\views.py changed, reloading.
Watching for file changes with StatReloader
Watching for file changes with StatReloader
"GET /studentanswers/ HTTP/1.1" 200 9882
"GET /static/rest_framework/css/bootstrap.min.css.map HTTP/1.1" 200 540434
"POST /studentanswers/ HTTP/1.1" 201 9181
"GET /static/rest_framework/css/bootstrap.min.css.map HTTP/1.1" 200 540434
"OPTIONS /studentanswers/ HTTP/1.1" 200 10074
"GET /static/rest_framework/css/bootstrap.min.css.map HTTP/1.1" 200 540434
"GET /studentanswers/ HTTP/1.1" 200 9969
"GET /static/rest_framework/css/bootstrap.min.css.map HTTP/1.1" 200 540434
"GET /studentanswers/ HTTP/1.1" 200 9969
"GET /static/rest_framework/css/bootstrap.min.css.map HTTP/1.1" 200 540434
"OPTIONS /studentanswers/ HTTP/1.1" 200 10074
"GET /static/rest_framework/css/bootstrap.min.css.map HTTP/1.1" 200 540434
"GET /studentanswers/ HTTP/1.1" 200 9969
"GET /static/rest_framework/css/bootstrap.min.css.map HTTP/1.1" 200 540434
"GET /studentanswers/ HTTP/1.1" 200 9969
"GET /static/rest_framework/css/bootstrap.min.css.map HTTP/1.1" 200 540434
"GET /studentanswers/ HTTP/1.1" 200 9969
"GET /static/rest_framework/css/bootstrap.min.css.map HTTP/1.1" 200 540434
"GET /admin/testapp/student/ HTTP/1.1" 200 8198
"GET /admin/jsi18n/ HTTP/1.1" 200 3343
"GET /admin/testapp/student/3/change/ HTTP/1.1" 200 16232
"GET /admin/jsi18n/ HTTP/1.1" 200 3343
Unauthorized: /tests/
"GET /tests/ HTTP/1.1" 401 5206
Unauthorized: /tests/
"GET /tests/ HTTP/1.1" 401 5206
Unauthorized: /tests/
"GET /tests/ HTTP/1.1" 401 5206
Unauthorized: /tests/
"GET /tests/ HTTP/1.1" 401 5206
"GET /studentanswers/ HTTP/1.1" 200 9969
"GET /static/rest_framework/css/bootstrap.min.css.map HTTP/1.1" 200 540434
C:\prueba20231\edutest\testapp\views.py changed, reloading.
C:\prueba20231\edutest\testapp\views.py changed, reloading.
Watching for file changes with StatReloader
entra a la clase 
Watching for file changes with StatReloader
entra a la clase 
"GET /studentanswers/ HTTP/1.1" 200 9969
"GET /static/rest_framework/css/bootstrap.min.css.map HTTP/1.1" 200 540434
C:\prueba20231\edutest\testapp\urls.py changed, reloading.
C:\prueba20231\edutest\testapp\urls.py changed, reloading.
Watching for file changes with StatReloader
entra a la clase 
Watching for file changes with StatReloader
entra a la clase 
C:\prueba20231\edutest\testapp\urls.py changed, reloading.
C:\prueba20231\edutest\testapp\urls.py changed, reloading.
Watching for file changes with StatReloader
entra a la clase 
Watching for file changes with StatReloader
entra a la clase 
Not Found: /student/
"GET /student/ HTTP/1.1" 404 6305
"GET /students/ HTTP/1.1" 200 10521
"GET /static/rest_framework/css/bootstrap.min.css.map HTTP/1.1" 200 540434
"GET /students/ HTTP/1.1" 200 10521
"GET /static/rest_framework/css/bootstrap.min.css.map HTTP/1.1" 200 540434
C:\prueba20231\edutest\testapp\views.py changed, reloading.
C:\prueba20231\edutest\testapp\views.py changed, reloading.
Watching for file changes with StatReloader
entra a la clase 
Watching for file changes with StatReloader
entra a la clase 
"GET /students/ HTTP/1.1" 200 10521
"GET /static/rest_framework/css/bootstrap.min.css.map HTTP/1.1" 200 540434
C:\prueba20231\edutest\testapp\views.py changed, reloading.
C:\prueba20231\edutest\testapp\views.py changed, reloading.
Watching for file changes with StatReloader
entra a la clase 
Watching for file changes with StatReloader
entra a la clase 
C:\prueba20231\edutest\testapp\views.py changed, reloading.
C:\prueba20231\edutest\testapp\views.py changed, reloading.
Watching for file changes with StatReloader
entra a la clase 
Watching for file changes with StatReloader
entra a la clase 
"GET /students/ HTTP/1.1" 200 10521
"GET /static/rest_framework/css/bootstrap.min.css.map HTTP/1.1" 200 540434
Bad Request: /students/
"POST /students/ HTTP/1.1" 400 9642
"GET /static/rest_framework/css/bootstrap.min.css.map HTTP/1.1" 200 540434
C:\prueba20231\edutest\testapp\views.py changed, reloading.
C:\prueba20231\edutest\testapp\views.py changed, reloading.
Watching for file changes with StatReloader
entra a la clase 
Watching for file changes with StatReloader
entra a la clase 
C:\prueba20231\edutest\testapp\views.py changed, reloading.
Watching for file changes with StatReloader
entra a la clase 
C:\prueba20231\edutest\testapp\views.py changed, reloading.
C:\prueba20231\edutest\testapp\views.py changed, reloading.
Watching for file changes with StatReloader
Watching for file changes with StatReloader
C:\prueba20231\edutest\testapp\views.py changed, reloading.
C:\prueba20231\edutest\testapp\views.py changed, reloading.
Watching for file changes with StatReloader
entra a la clase
Watching for file changes with StatReloader
entra a la clase
C:\prueba20231\edutest\testapp\views.py changed, reloading.
Watching for file changes with StatReloader
entra a la clase
entra a la clase
entra a la clase
Watching for file changes with StatReloader
entra a la clase
"GET /static/rest_framework/css/bootstrap.min.css.map HTTP/1.1" 200 540434
"GET /static/rest_framework/css/bootstrap.min.css.map HTTP/1.1" 200 540434
"GET /login/ HTTP/1.1" 200 698
"POST /login/ HTTP/1.1" 200 698
"POST /login/ HTTP/1.1" 200 698
"POST /login/ HTTP/1.1" 200 698
"POST /login/ HTTP/1.1" 200 698
"POST /login/ HTTP/1.1" 200 698
"POST /login/ HTTP/1.1" 200 698
"POST /login/ HTTP/1.1" 200 698
"POST /login/ HTTP/1.1" 200 698
"POST /login/ HTTP/1.1" 200 698
"POST /login/ HTTP/1.1" 200 698
"POST /login/ HTTP/1.1" 200 698
"POST /login/ HTTP/1.1" 200 698
"POST /login/ HTTP/1.1" 200 698
"POST /login/ HTTP/1.1" 200 698
"POST /login/ HTTP/1.1" 200 698
"POST /login/ HTTP/1.1" 200 698
"POST /login/ HTTP/1.1" 200 698
"POST /login/ HTTP/1.1" 200 698
"POST /login/ HTTP/1.1" 200 698
"POST /login/ HTTP/1.1" 200 698
"POST /login/ HTTP/1.1" 200 698
C:\prueba20231\edutest\testapp\views.py changed, reloading.
Watching for file changes with StatReloader
entra a la clase
"POST /login/ HTTP/1.1" 200 698
"POST /login/ HTTP/1.1" 200 698
"POST /login/ HTTP/1.1" 200 698
"POST /login/ HTTP/1.1" 200 698
C:\prueba20231\edutest\testapp\views.py changed, reloading.
Watching for file changes with StatReloader
entra a la clase
C:\prueba20231\edutest\testapp\views.py changed, reloading.
Watching for file changes with StatReloader
entra a la clase
"POST /login/ HTTP/1.1" 200 698
"POST /login/ HTTP/1.1" 200 698
"POST /login/ HTTP/1.1" 200 698
C:\prueba20231\edutest\testapp\views.py changed, reloading.
Watching for file changes with StatReloader
entra a la clase
entra a la clase
C:\prueba20231\edutest\testapp\views.py changed, reloading.
Watching for file changes with StatReloader
entra a la clase
"POST /login/ HTTP/1.1" 200 698
C:\prueba20231\edutest\testapp\views.py changed, reloading.
Watching for file changes with StatReloader
entra a la clase
"POST /login/ HTTP/1.1" 302 0
Unauthorized: /tests/
"GET /tests/ HTTP/1.1" 401 5206
"GET /static/rest_framework/css/bootstrap.min.css HTTP/1.1" 304 0
"GET /static/rest_framework/css/bootstrap-tweaks.css HTTP/1.1" 304 0
"GET /static/rest_framework/js/jquery-3.5.1.min.js HTTP/1.1" 304 0
"GET /static/rest_framework/css/prettify.css HTTP/1.1" 304 0
"GET /static/rest_framework/js/ajax-form.js HTTP/1.1" 304 0
"GET /static/rest_framework/css/default.css HTTP/1.1" 304 0
"GET /static/rest_framework/js/csrf.js HTTP/1.1" 304 0
"GET /static/rest_framework/js/prettify-min.js HTTP/1.1" 304 0
"GET /static/rest_framework/js/bootstrap.min.js HTTP/1.1" 304 0
"GET /static/rest_framework/js/default.js HTTP/1.1" 304 0
"GET /static/rest_framework/img/grid.png HTTP/1.1" 304 0
"GET /static/rest_framework/css/bootstrap.min.css.map HTTP/1.1" 200 540434
Unauthorized: /tests/
"GET /tests/ HTTP/1.1" 401 5206
"GET /static/rest_framework/css/bootstrap.min.css.map HTTP/1.1" 200 540434
"GET /admin/testapp/student/3/change/ HTTP/1.1" 200 16232
"GET /admin/jsi18n/ HTTP/1.1" 200 3343
"GET /admin/testapp/student/3/change/ HTTP/1.1" 200 16232
"GET /admin/jsi18n/ HTTP/1.1" 200 3343
C:\prueba20231\edutest\testapp\views.py changed, reloading.
Watching for file changes with StatReloader
entra a la clase
C:\prueba20231\edutest\testapp\models.py changed, reloading.
Watching for file changes with StatReloader
entra a la clase
entra a la clase
entra a la clase
entra a la clase
entra a la clase
entra a la clase
entra a la clase
entra a la clase
entra a la clase
entra a la clase
entra a la clase
entra a la clase
entra a la clase
entra a la clase
entra a la clase
entra a la clase
Watching for file changes with StatReloader
entra a la clase
"GET / HTTP/1.1" 200 5541
"GET /admin/ HTTP/1.1" 302 0
"GET /admin/login/?next=/admin/ HTTP/1.1" 200 2215
"GET /static/admin/css/base.css HTTP/1.1" 304 0
"GET /static/admin/css/dark_mode.css HTTP/1.1" 304 0
"GET /static/admin/css/nav_sidebar.css HTTP/1.1" 304 0
"GET /static/admin/js/nav_sidebar.js HTTP/1.1" 304 0
"GET /static/admin/css/responsive.css HTTP/1.1" 304 0
"GET /admin/ HTTP/1.1" 302 0
"GET /admin/login/?next=/admin/ HTTP/1.1" 200 2215
"GET /static/admin/css/fonts.css HTTP/1.1" 304 0
"GET /static/admin/fonts/Roboto-Light-webfont.woff HTTP/1.1" 304 0
"GET /static/admin/fonts/Roboto-Regular-webfont.woff HTTP/1.1" 304 0
"POST /admin/login/?next=/admin/ HTTP/1.1" 302 0
"GET /admin/ HTTP/1.1" 200 5833
"GET /static/admin/img/icon-addlink.svg HTTP/1.1" 304 0
"GET /static/admin/fonts/Roboto-Bold-webfont.woff HTTP/1.1" 304 0
"GET /admin/testapp/question/add/ HTTP/1.1" 200 7225
"GET /static/admin/js/core.js HTTP/1.1" 304 0
"GET /static/admin/js/jquery.init.js HTTP/1.1" 304 0
"GET /static/admin/css/forms.css HTTP/1.1" 304 0
"GET /static/admin/js/vendor/jquery/jquery.js HTTP/1.1" 304 0
"GET /static/admin/js/vendor/xregexp/xregexp.js HTTP/1.1" 304 0
"GET /static/admin/js/actions.js HTTP/1.1" 304 0
"GET /static/admin/js/urlify.js HTTP/1.1" 304 0
"GET /static/admin/js/prepopulate_init.js HTTP/1.1" 304 0
"GET /static/admin/js/prepopulate.js HTTP/1.1" 304 0
"GET /static/admin/css/widgets.css HTTP/1.1" 304 0
"GET /static/admin/js/admin/RelatedObjectLookups.js HTTP/1.1" 304 0
"GET /static/admin/js/change_form.js HTTP/1.1" 304 0
"GET /admin/jsi18n/ HTTP/1.1" 200 3343
"POST /admin/testapp/question/add/ HTTP/1.1" 302 0
"GET /admin/testapp/question/ HTTP/1.1" 200 7946
"GET /static/admin/css/changelists.css HTTP/1.1" 304 0
"GET /admin/jsi18n/ HTTP/1.1" 200 3343
"GET /static/admin/js/filters.js HTTP/1.1" 304 0
"GET /static/admin/img/icon-yes.svg HTTP/1.1" 304 0
"GET /static/admin/img/tooltag-add.svg HTTP/1.1" 304 0
"GET /admin/testapp/question/add/ HTTP/1.1" 200 7225
"GET /admin/jsi18n/ HTTP/1.1" 200 3343
"POST /admin/testapp/question/add/ HTTP/1.1" 302 0
"GET /admin/testapp/question/ HTTP/1.1" 200 8210
"GET /admin/jsi18n/ HTTP/1.1" 200 3343
"GET /admin/testapp/question/add/ HTTP/1.1" 200 7225
"GET /admin/jsi18n/ HTTP/1.1" 200 3343
"POST /admin/testapp/question/add/ HTTP/1.1" 302 0
"GET /admin/testapp/question/ HTTP/1.1" 200 8407
"GET /admin/jsi18n/ HTTP/1.1" 200 3343
"GET /admin/testapp/test/ HTTP/1.1" 200 6566
"GET /admin/jsi18n/ HTTP/1.1" 200 3343
"GET /admin/testapp/test/add/ HTTP/1.1" 200 9895
"GET /admin/jsi18n/ HTTP/1.1" 200 3343
"POST /admin/testapp/test/add/ HTTP/1.1" 200 10202
"GET /admin/jsi18n/ HTTP/1.1" 200 3343
"POST /admin/testapp/test/add/ HTTP/1.1" 302 0
"GET /admin/testapp/test/ HTTP/1.1" 200 7942
"GET /admin/jsi18n/ HTTP/1.1" 200 3343
"GET /admin/testapp/studentanswer/ HTTP/1.1" 200 6634
"GET /admin/jsi18n/ HTTP/1.1" 200 3343
"GET /admin/testapp/student/ HTTP/1.1" 200 7742
"GET /admin/jsi18n/ HTTP/1.1" 200 3343
Not Found: /singup/
"GET /singup/ HTTP/1.1" 404 6302
Method Not Allowed: /signup/
"GET /signup/ HTTP/1.1" 405 8195
"GET /static/rest_framework/js/ajax-form.js HTTP/1.1" 304 0
"GET /static/rest_framework/js/jquery-3.5.1.min.js HTTP/1.1" 304 0
"GET /static/rest_framework/css/bootstrap.min.css HTTP/1.1" 304 0
"GET /static/rest_framework/css/default.css HTTP/1.1" 304 0
"GET /static/rest_framework/css/prettify.css HTTP/1.1" 304 0
"GET /static/rest_framework/css/bootstrap-tweaks.css HTTP/1.1" 304 0
"GET /static/rest_framework/js/csrf.js HTTP/1.1" 304 0
"GET /static/rest_framework/js/default.js HTTP/1.1" 304 0
"GET /static/rest_framework/js/bootstrap.min.js HTTP/1.1" 304 0
"GET /static/rest_framework/js/prettify-min.js HTTP/1.1" 304 0
"GET /static/rest_framework/img/grid.png HTTP/1.1" 304 0
"POST /signup/ HTTP/1.1" 201 8475
"GET /admin/testapp/student/ HTTP/1.1" 200 7956
"GET /admin/jsi18n/ HTTP/1.1" 200 3343
"GET /admin/testapp/student/2/change/ HTTP/1.1" 200 15924
"GET /admin/jsi18n/ HTTP/1.1" 200 3343
Watching for file changes with StatReloader
C:\prueba20231\edutest\testapp\views.py changed, reloading.
Watching for file changes with StatReloader
C:\prueba20231\edutest\testapp\views.py changed, reloading.
Watching for file changes with StatReloader
entra a la clase
Bad Request: /api/token/
"POST /api/token/ HTTP/1.1" 400 37
"POST /api/token/ HTTP/1.1" 200 483
"POST /api/token/ HTTP/1.1" 200 483
"GET /login/ HTTP/1.1" 200 698
C:\prueba20231\edutest\testapp\views.py changed, reloading.
Watching for file changes with StatReloader
entra a la clase
C:\prueba20231\edutest\testapp\views.py changed, reloading.
Watching for file changes with StatReloader
entra a la clase
C:\prueba20231\edutest\testapp\urls.py changed, reloading.
Watching for file changes with StatReloader
entra a la clase
C:\prueba20231\edutest\testapp\urls.py changed, reloading.
Watching for file changes with StatReloader
entra a la clase
Unauthorized: /tests/
"GET /tests/ HTTP/1.1" 401 5229
Unauthorized: /tests/
"GET /tests/ HTTP/1.1" 401 5229
Unauthorized: /tests/
"GET /tests/ HTTP/1.1" 401 58
Unauthorized: /tests/
"GET /tests/ HTTP/1.1" 401 58
Unauthorized: /tests/
"GET /tests/ HTTP/1.1" 401 58
"POST /api/token/ HTTP/1.1" 200 483
Unauthorized: /tests/
"GET /tests/ HTTP/1.1" 401 58
"GET /tests/ HTTP/1.1" 200 139
"POST /api/token/ HTTP/1.1" 200 483
Unauthorized: /tests/
"GET /tests/ HTTP/1.1" 401 183
"POST /api/token/ HTTP/1.1" 200 483
"POST /api/token/ HTTP/1.1" 200 483
"POST /api/token/ HTTP/1.1" 200 483
"POST /api/token/ HTTP/1.1" 200 483
"POST /api/token/ HTTP/1.1" 200 483
"POST /api/token/ HTTP/1.1" 200 483
"GET /tests/ HTTP/1.1" 200 139
Unauthorized: /students/
"GET /students/ HTTP/1.1" 401 183
Unauthorized: /students/
"GET /students/ HTTP/1.1" 401 183
Unauthorized: /tests/
"GET /tests/ HTTP/1.1" 401 183
"POST /api/token/ HTTP/1.1" 200 483
"GET /tests/ HTTP/1.1" 200 139
"GET /students/ HTTP/1.1" 200 343
C:\prueba20231\edutest\testapp\views.py changed, reloading.
Watching for file changes with StatReloader
C:\prueba20231\edutest\testapp\views.py changed, reloading.
Watching for file changes with StatReloader
C:\prueba20231\edutest\testapp\views.py changed, reloading.
Watching for file changes with StatReloader
C:\prueba20231\edutest\testapp\urls.py changed, reloading.
Watching for file changes with StatReloader
C:\prueba20231\edutest\testapp\urls.py changed, reloading.
Watching for file changes with StatReloader
C:\prueba20231\edutest\testapp\urls.py changed, reloading.
Watching for file changes with StatReloader
C:\prueba20231\edutest\testapp\views.py changed, reloading.
Watching for file changes with StatReloader
C:\prueba20231\edutest\testapp\views.py changed, reloading.
Watching for file changes with StatReloader
C:\prueba20231\edutest\testapp\views.py changed, reloading.
Watching for file changes with StatReloader
C:\prueba20231\edutest\testapp\views.py changed, reloading.
Watching for file changes with StatReloader
